<?xml version="1.0" encoding="UTF-8"?>
<!-- Generated by org.testng.reporters.JUnitReportReporter -->
<testsuite hostname="Lenovo-PC" name="by.htp.belavia.pages.ChoicePageTest" tests="2" failures="0" timestamp="31 Dec 2016 00:49:17 GMT" time="0.145" errors="0">
  <testcase name="testVerifyFlightRoute" time="0.072" classname="by.htp.belavia.pages.ChoicePageTest"/>
  <testcase name="testTariffCalendarLabelDisplayed" time="0.073" classname="by.htp.belavia.pages.ChoicePageTest"/>
</testsuite> <!-- by.htp.belavia.pages.ChoicePageTest -->
