<?xml version="1.0" encoding="UTF-8"?>
<!-- Generated by org.testng.reporters.JUnitReportReporter -->
<testsuite hostname="Lenovo-PC" name="by.htp.belavia.pages.HomePageTest" tests="6" failures="0" timestamp="31 Dec 2016 00:49:17 GMT" time="0.329" errors="0">
  <testcase name="testFromCityField" time="0.084" classname="by.htp.belavia.pages.HomePageTest"/>
  <testcase name="testSubmitButton" time="0.032" classname="by.htp.belavia.pages.HomePageTest"/>
  <testcase name="testReturnDateField" time="0.038" classname="by.htp.belavia.pages.HomePageTest"/>
  <testcase name="testToCityField" time="0.031" classname="by.htp.belavia.pages.HomePageTest"/>
  <testcase name="testDepartureDateField" time="0.136" classname="by.htp.belavia.pages.HomePageTest"/>
  <testcase name="testVerifyUrl" time="0.008" classname="by.htp.belavia.pages.HomePageTest"/>
</testsuite> <!-- by.htp.belavia.pages.HomePageTest -->
