<?xml version="1.0" encoding="UTF-8"?>
<!-- Generated by org.testng.reporters.JUnitReportReporter -->
<testsuite hostname="Lenovo-PC" name="by.htp.belavia.logic.TicketBoxTest" tests="1" failures="0" timestamp="31 Dec 2016 00:49:17 GMT" time="29.336" errors="0">
  <testcase name="testTicketSearching" time="29.336" classname="by.htp.belavia.logic.TicketBoxTest"/>
</testsuite> <!-- by.htp.belavia.logic.TicketBoxTest -->
